<?xml version="1.0" encoding="UTF-8"?>
<testng-results ignored="0" total="2" passed="2" failed="0" skipped="0">
  <reporter-output>
  </reporter-output>
  <suite started-at="2024-09-03T01:04:36 IST" name="Suite" finished-at="2024-09-03T01:04:42 IST" duration-ms="5708">
    <groups>
      <group name="Smoke">
        <method signature="TestHomePage.Test1(java.lang.String,java.lang.String)[pri:0, instance:RAW.Tests.TestHomePage@5460cf3a]" name="Test1" class="RAW.Tests.TestHomePage"/>
      </group> <!-- Smoke -->
    </groups>
    <test started-at="2024-09-03T01:04:36 IST" name="Test" finished-at="2024-09-03T01:04:42 IST" duration-ms="5708">
      <class name="RAW.Tests.TestHomePage">
        <test-method is-config="true" signature="launch(java.lang.String)[pri:0, instance:RAW.Tests.TestHomePage@5460cf3a]" started-at="2024-09-03T01:04:37 IST" name="launch" finished-at="2024-09-03T01:04:38 IST" duration-ms="1831" status="PASS">
          <params>
            <param index="0">
              <value>
                <![CDATA[chrome]]>
              </value>
            </param>
          </params>
          <reporter-output>
          </reporter-output>
        </test-method> <!-- launch -->
        <test-method signature="Test1(java.lang.String,java.lang.String)[pri:0, instance:RAW.Tests.TestHomePage@5460cf3a]" started-at="2024-09-03T01:04:39 IST" name="Test1" data-provider="provideExelData" finished-at="2024-09-03T01:04:39 IST" duration-ms="765" status="PASS">
          <params>
            <param index="0">
              <value>
                <![CDATA[anu@example.com]]>
              </value>
            </param>
            <param index="1">
              <value>
                <![CDATA[Anu@1234]]>
              </value>
            </param>
          </params>
          <reporter-output>
          </reporter-output>
        </test-method> <!-- Test1 -->
        <test-method is-config="true" signature="terminate()[pri:0, instance:RAW.Tests.TestHomePage@5460cf3a]" started-at="2024-09-03T01:04:39 IST" name="terminate" finished-at="2024-09-03T01:04:39 IST" duration-ms="119" status="PASS">
          <reporter-output>
          </reporter-output>
        </test-method> <!-- terminate -->
        <test-method is-config="true" signature="launch(java.lang.String)[pri:0, instance:RAW.Tests.TestHomePage@5460cf3a]" started-at="2024-09-03T01:04:39 IST" name="launch" finished-at="2024-09-03T01:04:41 IST" duration-ms="1717" status="PASS">
          <params>
            <param index="0">
              <value>
                <![CDATA[chrome]]>
              </value>
            </param>
          </params>
          <reporter-output>
          </reporter-output>
        </test-method> <!-- launch -->
        <test-method signature="Test1(java.lang.String,java.lang.String)[pri:0, instance:RAW.Tests.TestHomePage@5460cf3a]" started-at="2024-09-03T01:04:41 IST" name="Test1" data-provider="provideExelData" finished-at="2024-09-03T01:04:41 IST" duration-ms="316" status="PASS">
          <params>
            <param index="0">
              <value>
                <![CDATA[anu@example.com]]>
              </value>
            </param>
            <param index="1">
              <value>
                <![CDATA[Anu@1234]]>
              </value>
            </param>
          </params>
          <reporter-output>
          </reporter-output>
        </test-method> <!-- Test1 -->
        <test-method is-config="true" signature="terminate()[pri:0, instance:RAW.Tests.TestHomePage@5460cf3a]" started-at="2024-09-03T01:04:41 IST" name="terminate" finished-at="2024-09-03T01:04:42 IST" duration-ms="144" status="PASS">
          <reporter-output>
          </reporter-output>
        </test-method> <!-- terminate -->
      </class> <!-- RAW.Tests.TestHomePage -->
    </test> <!-- Test -->
  </suite> <!-- Suite -->
</testng-results>
